This is pdfTeX, Version 3.141592653-2.6-1.40.25 (MiKTeX 23.10) (preloaded format=pdflatex 2023.12.2)  2 DEC 2023 03:34
entering extended mode
 restricted \write18 enabled.
 %&-line parsing enabled.
**./refman.tex
(refman.tex
LaTeX2e <2023-06-01> patch level 1
L3 programming layer <2023-08-29>
(C:\Users\warle\AppData\Local\Programs\MiKTeX\tex/latex/base\book.cls
Document Class: book 2023/05/17 v1.4n Standard LaTeX document class
(C:\Users\warle\AppData\Local\Programs\MiKTeX\tex/latex/base\bk10.clo
File: bk10.clo 2023/05/17 v1.4n Standard LaTeX file (size option)
)
\c@part=\count185
\c@chapter=\count186
\c@section=\count187
\c@subsection=\count188
\c@subsubsection=\count189
\c@paragraph=\count190
\c@subparagraph=\count191
\c@figure=\count192
\c@table=\count193
\abovecaptionskip=\skip48
\belowcaptionskip=\skip49
\bibindent=\dimen140
)
(C:\Users\warle\AppData\Local\Programs\MiKTeX\tex/latex/base\ifthen.sty
Package: ifthen 2022/04/13 v1.1d Standard LaTeX ifthen package (DPC)
)
(C:\Users\warle\AppData\Local\Programs\MiKTeX\tex/latex/tools\array.sty
Rollback for package 'array' requested -> date 2016-10-06.
         Best approximation is the release introduced on 2016-10-06.

(C:\Users\warle\AppData\Local\Programs\MiKTeX\tex/latex/tools\array-2016-10-06.
sty
Package: array 2016/10/06 v2.4d Tabular extension package (FMi)
\col@sep=\dimen141
\extrarowheight=\dimen142
\NC@list=\toks17
\extratabsurround=\skip50
\backup@length=\skip51
)) (C:\Users\warle\AppData\Local\Programs\MiKTeX\tex/latex/base\fixltx2e.sty
Package: fixltx2e 2016/12/29 v2.1a fixes to LaTeX (obsolete)
Applying: [2015/01/01] Old fixltx2e package on input line 46.

Package fixltx2e Warning: fixltx2e is not required with releases after 2015
(fixltx2e)                All fixes are now in the LaTeX kernel.
(fixltx2e)                See the latexrelease package for details.

Already applied: [0000/00/00] Old fixltx2e package on input line 53.
) (C:\Users\warle\AppData\Local\Programs\MiKTeX\tex/latex/tools\calc.sty
Package: calc 2017/05/25 v4.3 Infix arithmetic (KKT,FJ)
\calc@Acount=\count194
\calc@Bcount=\count195
\calc@Adimen=\dimen143
\calc@Bdimen=\dimen144
\calc@Askip=\skip52
\calc@Bskip=\skip53
LaTeX Info: Redefining \setlength on input line 80.
LaTeX Info: Redefining \addtolength on input line 81.
\calc@Ccount=\count196
\calc@Cskip=\skip54
)
(doxygen.sty
Package: doxygen 

(C:\Users\warle\AppData\Local\Programs\MiKTeX\tex/latex/base\alltt.sty
Package: alltt 2021/01/29 v2.0g defines alltt environment
)
(C:\Users\warle\AppData\Local\Programs\MiKTeX\tex/latex/float\float.sty
Package: float 2001/11/08 v1.3d Float enhancements (AL)
\c@float@type=\count197
\float@exts=\toks18
\float@box=\box51
\@float@everytoks=\toks19
\@floatcapt=\box52
)
(C:\Users\warle\AppData\Local\Programs\MiKTeX\tex/latex/tools\verbatim.sty
Package: verbatim 2022-07-02 v1.5u LaTeX2e package for verbatim enhancements
\every@verbatim=\toks20
\verbatim@line=\toks21
\verbatim@in@stream=\read2
)
(C:\Users\warle\AppData\Local\Programs\MiKTeX\tex/latex/xcolor\xcolor.sty
Package: xcolor 2022/06/12 v2.14 LaTeX color extensions (UK)

(C:\Users\warle\AppData\Local\Programs\MiKTeX\tex/latex/graphics-cfg\color.cfg
File: color.cfg 2016/01/02 v1.6 sample color configuration
)
Package xcolor Info: Driver file: pdftex.def on input line 227.

(C:\Users\warle\AppData\Local\Programs\MiKTeX\tex/latex/graphics-def\pdftex.def
File: pdftex.def 2022/09/22 v1.2b Graphics/color driver for pdftex
) (C:\Users\warle\AppData\Local\Programs\MiKTeX\tex/latex/colortbl\colortbl.sty
Package: colortbl 2022/06/20 v1.0f Color table columns (DPC)
\everycr=\toks22
\minrowclearance=\skip55
\rownum=\count198
)
(C:\Users\warle\AppData\Local\Programs\MiKTeX\tex/latex/graphics\mathcolor.ltx)
Package xcolor Info: Model `cmy' substituted by `cmy0' on input line 1353.
Package xcolor Info: Model `hsb' substituted by `rgb' on input line 1357.
Package xcolor Info: Model `RGB' extended on input line 1369.
Package xcolor Info: Model `HTML' substituted by `rgb' on input line 1371.
Package xcolor Info: Model `Hsb' substituted by `hsb' on input line 1372.
Package xcolor Info: Model `tHsb' substituted by `hsb' on input line 1373.
Package xcolor Info: Model `HSB' substituted by `hsb' on input line 1374.
Package xcolor Info: Model `Gray' substituted by `gray' on input line 1375.
Package xcolor Info: Model `wave' substituted by `hsb' on input line 1376.
) (longtable_doxygen.sty
Package: longtable_doxygen 2014/10/28 v4.11 Multi-page Table package (DPC) - fr
ozen version for doxygen
\LTleft=\skip56
\LTright=\skip57
\LTpre=\skip58
\LTpost=\skip59
\LTchunksize=\count199
\LTcapwidth=\dimen145
\LT@head=\box53
\LT@firsthead=\box54
\LT@foot=\box55
\LT@lastfoot=\box56
\LT@cols=\count266
\LT@rows=\count267
\c@LT@tables=\count268
\c@LT@chunks=\count269
\LT@p@ftn=\toks23
) (tabu_doxygen.sty
Package: tabu_doxygen 2011/02/26 v2.8 - flexible LaTeX tabulars (FC), frozen ve
rsion for doxygen

(C:\Users\warle\AppData\Local\Programs\MiKTeX\tex/latex/varwidth\varwidth.sty
Package: varwidth 2009/03/30 ver 0.92;  Variable-width minipages
\@vwid@box=\box57
\sift@deathcycles=\count270
\@vwid@loff=\dimen146
\@vwid@roff=\dimen147
)
\c@taburow=\count271
\tabu@nbcols=\count272
\tabu@cnt=\count273
\tabu@Xcol=\count274
\tabu@alloc=\count275
\tabu@nested=\count276
\tabu@target=\dimen148
\tabu@spreadtarget=\dimen149
\tabu@naturalX=\dimen150
\tabucolX=\dimen151
\tabu@Xsum=\dimen152
\extrarowdepth=\dimen153
\abovetabulinesep=\dimen154
\belowtabulinesep=\dimen155
\tabustrutrule=\dimen156
\tabu@thebody=\toks24
\tabu@footnotes=\toks25
\tabu@box=\box58
\tabu@arstrutbox=\box59
\tabu@hleads=\box60
\tabu@vleads=\box61
\tabu@cellskip=\skip60
) (C:\Users\warle\AppData\Local\Programs\MiKTeX\tex/latex/fancyvrb\fancyvrb.sty
Package: fancyvrb 2023/11/06 4.5b verbatim text (tvz,hv)

(C:\Users\warle\AppData\Local\Programs\MiKTeX\tex/latex/graphics\keyval.sty
Package: keyval 2022/05/29 v1.15 key=value parser (DPC)
\KV@toks@=\toks26
)
\FV@CodeLineNo=\count277
\FV@InFile=\read3
\FV@TabBox=\box62
\c@FancyVerbLine=\count278
\FV@StepNumber=\count279
\FV@OutFile=\write3
)
(C:\Users\warle\AppData\Local\Programs\MiKTeX\tex/latex/tools\tabularx.sty
Package: tabularx 2020/01/15 v2.11c `tabularx' package (DPC)
\TX@col@width=\dimen157
\TX@old@table=\dimen158
\TX@old@col=\dimen159
\TX@target=\dimen160
\TX@delta=\dimen161
\TX@cols=\count280
\TX@ftn=\toks27
)
(C:\Users\warle\AppData\Local\Programs\MiKTeX\tex/latex/multirow\multirow.sty
Package: multirow 2021/03/15 v2.8 Span multiple rows of a table
\multirow@colwidth=\skip61
\multirow@cntb=\count281
\multirow@dima=\skip62
\bigstrutjot=\dimen162
)
(C:\Users\warle\AppData\Local\Programs\MiKTeX\tex/latex/hanging\hanging.sty
Package: hanging 2009/09/02 v1.2b hanging paragraphs and punctuation
\h@ngcommawd=\skip63
\h@ngfstopwd=\skip64
\h@ngquotewd=\skip65
\h@ngdquotewd=\skip66
\h@ngquerywd=\skip67
\h@ngexclwd=\skip68
\h@ngcolonwd=\skip69
\h@ngscolonwd=\skip70
)
(C:\Users\warle\AppData\Local\Programs\MiKTeX\tex/generic/iftex\ifpdf.sty
Package: ifpdf 2019/10/25 v3.4 ifpdf legacy package. Use iftex instead.

(C:\Users\warle\AppData\Local\Programs\MiKTeX\tex/generic/iftex\iftex.sty
Package: iftex 2022/02/03 v1.0f TeX engine tests
))
(C:\Users\warle\AppData\Local\Programs\MiKTeX\tex/latex/adjustbox\adjustbox.sty
Package: adjustbox 2022/10/17 v1.3a Adjusting TeX boxes (trim, clip, ...)
(C:\Users\warle\AppData\Local\Programs\MiKTeX\tex/latex/xkeyval\xkeyval.sty
Package: xkeyval 2022/06/16 v2.9 package option processing (HA)

(C:\Users\warle\AppData\Local\Programs\MiKTeX\tex/generic/xkeyval\xkeyval.tex
(C:\Users\warle\AppData\Local\Programs\MiKTeX\tex/generic/xkeyval\xkvutils.tex
\XKV@toks=\toks28
\XKV@tempa@toks=\toks29
)
\XKV@depth=\count282
File: xkeyval.tex 2014/12/03 v2.7a key=value parser (HA)
))
(C:\Users\warle\AppData\Local\Programs\MiKTeX\tex/latex/adjustbox\adjcalc.sty
Package: adjcalc 2012/05/16 v1.1 Provides advanced setlength with multiple back
-ends (calc, etex, pgfmath)
)
(C:\Users\warle\AppData\Local\Programs\MiKTeX\tex/latex/adjustbox\trimclip.sty
Package: trimclip 2020/08/19 v1.2 Trim and clip general TeX material

(C:\Users\warle\AppData\Local\Programs\MiKTeX\tex/latex/graphics\graphicx.sty
Package: graphicx 2021/09/16 v1.2d Enhanced LaTeX Graphics (DPC,SPQR)

(C:\Users\warle\AppData\Local\Programs\MiKTeX\tex/latex/graphics\graphics.sty
Package: graphics 2022/03/10 v1.4e Standard LaTeX Graphics (DPC,SPQR)

(C:\Users\warle\AppData\Local\Programs\MiKTeX\tex/latex/graphics\trig.sty
Package: trig 2021/08/11 v1.11 sin cos tan (DPC)
)
(C:\Users\warle\AppData\Local\Programs\MiKTeX\tex/latex/graphics-cfg\graphics.c
fg
File: graphics.cfg 2016/06/04 v1.11 sample graphics configuration
)
Package graphics Info: Driver file: pdftex.def on input line 107.
)
\Gin@req@height=\dimen163
\Gin@req@width=\dimen164
)
(C:\Users\warle\AppData\Local\Programs\MiKTeX\tex/latex/collectbox\collectbox.s
ty
Package: collectbox 2022/10/17 v0.4c Collect macro arguments as boxes
\collectedbox=\box63
)
\tc@llx=\dimen165
\tc@lly=\dimen166
\tc@urx=\dimen167
\tc@ury=\dimen168
Package trimclip Info: Using driver 'tc-pdftex.def'.

(C:\Users\warle\AppData\Local\Programs\MiKTeX\tex/latex/adjustbox\tc-pdftex.def
File: tc-pdftex.def 2019/01/04 v2.2 Clipping driver for pdftex
))
\adjbox@Width=\dimen169
\adjbox@Height=\dimen170
\adjbox@Depth=\dimen171
\adjbox@Totalheight=\dimen172
\adjbox@pwidth=\dimen173
\adjbox@pheight=\dimen174
\adjbox@pdepth=\dimen175
\adjbox@ptotalheight=\dimen176

(C:\Users\warle\AppData\Local\Programs\MiKTeX\tex/latex/ifoddpage\ifoddpage.sty
Package: ifoddpage 2022/10/18 v1.2 Conditionals for odd/even page detection
\c@checkoddpage=\count283
)) (C:\Users\warle\AppData\Local\Programs\MiKTeX\tex/latex/amsfonts\amssymb.sty
Package: amssymb 2013/01/14 v3.01 AMS font symbols
(C:\Users\warle\AppData\Local\Programs\MiKTeX\tex/latex/amsfonts\amsfonts.sty
Package: amsfonts 2013/01/14 v3.01 Basic AMSFonts support
\@emptytoks=\toks30
\symAMSa=\mathgroup4
\symAMSb=\mathgroup5
LaTeX Font Info:    Redeclaring math symbol \hbar on input line 98.
LaTeX Font Info:    Overwriting math alphabet `\mathfrak' in version `bold'
(Font)                  U/euf/m/n --> U/euf/b/n on input line 106.
))
(C:\Users\warle\AppData\Local\Programs\MiKTeX\tex/latex/stackengine\stackengine
.sty
Package: stackengine 2021/07/22 v4.11\ Stacking text and objects in convenient 
ways

(C:\Users\warle\AppData\Local\Programs\MiKTeX\tex/latex/etoolbox\etoolbox.sty
Package: etoolbox 2020/10/05 v2.5k e-TeX tools for LaTeX (JAW)
\etb@tempcnta=\count284
)
(C:\Users\warle\AppData\Local\Programs\MiKTeX\tex/latex/listofitems\listofitems
.sty
(C:\Users\warle\AppData\Local\Programs\MiKTeX\tex/generic/listofitems\listofite
ms.tex
\loi_cnt_foreach_nest=\count285
\loi_nestcnt=\count286
)
Package: listofitems 2019/08/21 v1.63 Grab items in lists using user-specified 
sep char (CT)
)
\c@@stackindex=\count287
\@boxshift=\skip71
\stack@tmplength=\skip72
\temp@stkl=\skip73
\@stackedboxwidth=\skip74
\@addedbox=\box64
\@anchorbox=\box65
\@insetbox=\box66
\se@backgroundbox=\box67
\stackedbox=\box68
\@centerbox=\box69
\c@ROWcellindex@=\count288
) (C:\Users\warle\AppData\Local\Programs\MiKTeX\tex/latex/ulem\ulem.sty
\UL@box=\box70
\UL@hyphenbox=\box71
\UL@skip=\skip75
\UL@hook=\toks31
\UL@height=\dimen177
\UL@pe=\count289
\UL@pixel=\dimen178
\ULC@box=\box72
Package: ulem 2019/11/18
\ULdepth=\dimen179
)
\xrefbox=\box73
\xreflength=\skip76
\CodeWidthChar=\skip77
\CodeHeightChar=\skip78
\DoxyCodeWidth=\skip79
) (C:\Users\warle\AppData\Local\Programs\MiKTeX\tex/latex/base\inputenc.sty
Package: inputenc 2021/02/14 v1.3d Input encoding file
\inpenc@prehook=\toks32
\inpenc@posthook=\toks33
)
(C:\Users\warle\AppData\Local\Programs\MiKTeX\tex/latex/base\makeidx.sty
Package: makeidx 2021/10/04 v1.0m Standard LaTeX package
)
(C:\Users\warle\AppData\Local\Programs\MiKTeX\tex/latex/tools\multicol.sty
Package: multicol 2023/03/30 v1.9f multicolumn formatting (FMi)
\c@tracingmulticols=\count290
\mult@box=\box74
\multicol@leftmargin=\dimen180
\c@unbalance=\count291
\c@collectmore=\count292
\doublecol@number=\count293
\multicoltolerance=\count294
\multicolpretolerance=\count295
\full@width=\dimen181
\page@free=\dimen182
\premulticols=\dimen183
\postmulticols=\dimen184
\multicolsep=\skip80
\multicolbaselineskip=\skip81
\partial@page=\box75
\last@line=\box76
\mc@boxedresult=\box77
\maxbalancingoverflow=\dimen185
\mult@rightbox=\box78
\mult@grightbox=\box79
\mult@firstbox=\box80
\mult@gfirstbox=\box81
\@tempa=\box82
\@tempa=\box83
\@tempa=\box84
\@tempa=\box85
\@tempa=\box86
\@tempa=\box87
\@tempa=\box88
\@tempa=\box89
\@tempa=\box90
\@tempa=\box91
\@tempa=\box92
\@tempa=\box93
\@tempa=\box94
\@tempa=\box95
\@tempa=\box96
\@tempa=\box97
\@tempa=\box98
\@tempa=\box99
\@tempa=\box100
\@tempa=\box101
\@tempa=\box102
\@tempa=\box103
\@tempa=\box104
\@tempa=\box105
\@tempa=\box106
\@tempa=\box107
\@tempa=\box108
\@tempa=\box109
\@tempa=\box110
\@tempa=\box111
\@tempa=\box112
\@tempa=\box113
\@tempa=\box114
\@tempa=\box115
\@tempa=\box116
\@tempa=\box117
\c@minrows=\count296
\c@columnbadness=\count297
\c@finalcolumnbadness=\count298
\last@try=\dimen186
\multicolovershoot=\dimen187
\multicolundershoot=\dimen188
\mult@nat@firstbox=\box118
\colbreak@box=\box119
\mc@col@check@num=\count299
)
(C:\Users\warle\AppData\Local\Programs\MiKTeX\tex/latex/base\textcomp.sty
Package: textcomp 2020/02/02 v2.0n Standard LaTeX package
)
(C:\Users\warle\AppData\Local\Programs\MiKTeX\tex/latex/wasysym\wasysym.sty
Package: wasysym 2020/01/19 v2.4 Wasy-2 symbol support package
\symwasy=\mathgroup6
LaTeX Font Info:    Overwriting symbol font `wasy' in version `bold'
(Font)                  U/wasy/m/n --> U/wasy/b/n on input line 93.
)
(C:\Users\warle\AppData\Local\Programs\MiKTeX\tex/generic/iftex\ifxetex.sty
Package: ifxetex 2019/10/25 v0.7 ifxetex legacy package. Use iftex instead.
)
(C:\Users\warle\AppData\Local\Programs\MiKTeX\tex/latex/base\fontenc.sty
Package: fontenc 2021/04/29 v2.0v Standard LaTeX package
)
(C:\Users\warle\AppData\Local\Programs\MiKTeX\tex/latex/psnfss\helvet.sty
Package: helvet 2020/03/25 PSNFSS-v9.3 (WaS) 
)
(C:\Users\warle\AppData\Local\Programs\MiKTeX\tex/latex/psnfss\courier.sty
Package: courier 2020/03/25 PSNFSS-v9.3 (WaS) 
)
(C:\Users\warle\AppData\Local\Programs\MiKTeX\tex/latex/sectsty\sectsty.sty
Package: sectsty 2002/02/25 v2.0.2 Commands to change all sectional heading sty
les


LaTeX Warning: Command \underbar  has changed.
               Check if current package is valid.


LaTeX Warning: Command \underline  has changed.
               Check if current package is valid.

) (C:\Users\warle\AppData\Local\Programs\MiKTeX\tex/latex/geometry\geometry.sty
Package: geometry 2020/01/02 v5.9 Page Geometry
(C:\Users\warle\AppData\Local\Programs\MiKTeX\tex/generic/iftex\ifvtex.sty
Package: ifvtex 2019/10/25 v1.7 ifvtex legacy package. Use iftex instead.
)
\Gm@cnth=\count300
\Gm@cntv=\count301
\c@Gm@tempcnt=\count302
\Gm@bindingoffset=\dimen189
\Gm@wd@mp=\dimen190
\Gm@odd@mp=\dimen191
\Gm@even@mp=\dimen192
\Gm@layoutwidth=\dimen193
\Gm@layoutheight=\dimen194
\Gm@layouthoffset=\dimen195
\Gm@layoutvoffset=\dimen196
\Gm@dimlist=\toks34

(C:\Users\warle\AppData\Local\Programs\MiKTeX\tex/latex/geometry\geometry.cfg))
(C:\Users\warle\AppData\Local\Programs\MiKTeX\tex/latex/fancyhdr\fancyhdr.sty
Package: fancyhdr 2022/11/09 v4.1 Extensive control of page headers and footers

\f@nch@headwidth=\skip82
\f@nch@O@elh=\skip83
\f@nch@O@erh=\skip84
\f@nch@O@olh=\skip85
\f@nch@O@orh=\skip86
\f@nch@O@elf=\skip87
\f@nch@O@erf=\skip88
\f@nch@O@olf=\skip89
\f@nch@O@orf=\skip90
)
(C:\Users\warle\AppData\Local\Programs\MiKTeX\tex/latex/natbib\natbib.sty
Package: natbib 2010/09/13 8.31b (PWD, AO)
\bibhang=\skip91
\bibsep=\skip92
LaTeX Info: Redefining \cite on input line 694.
\c@NAT@ctr=\count303
)
(C:\Users\warle\AppData\Local\Programs\MiKTeX\tex/latex/tocloft\tocloft.sty
Package: tocloft 2017/08/31 v2.3i parameterised ToC, etc., typesetting
Package tocloft Info: The document has chapter divisions on input line 51.
\cftparskip=\skip93
\cftbeforetoctitleskip=\skip94
\cftaftertoctitleskip=\skip95
\cftbeforepartskip=\skip96
\cftpartnumwidth=\skip97
\cftpartindent=\skip98
\cftbeforechapskip=\skip99
\cftchapindent=\skip100
\cftchapnumwidth=\skip101
\cftbeforesecskip=\skip102
\cftsecindent=\skip103
\cftsecnumwidth=\skip104
\cftbeforesubsecskip=\skip105
\cftsubsecindent=\skip106
\cftsubsecnumwidth=\skip107
\cftbeforesubsubsecskip=\skip108
\cftsubsubsecindent=\skip109
\cftsubsubsecnumwidth=\skip110
\cftbeforeparaskip=\skip111
\cftparaindent=\skip112
\cftparanumwidth=\skip113
\cftbeforesubparaskip=\skip114
\cftsubparaindent=\skip115
\cftsubparanumwidth=\skip116
\cftbeforeloftitleskip=\skip117
\cftafterloftitleskip=\skip118
\cftbeforefigskip=\skip119
\cftfigindent=\skip120
\cftfignumwidth=\skip121
\c@lofdepth=\count304
\c@lotdepth=\count305
\cftbeforelottitleskip=\skip122
\cftafterlottitleskip=\skip123
\cftbeforetabskip=\skip124
\cfttabindent=\skip125
\cfttabnumwidth=\skip126
)
\@indexfile=\write4
\openout4 = `refman.idx'.


Writing index file refman.idx

(C:\Users\warle\AppData\Local\Programs\MiKTeX\tex/latex/newunicodechar\newunico
dechar.sty
Package: newunicodechar 2018/04/08 v1.2 Defining Unicode characters
)

Package newunicodechar Warning: Redefining Unicode character on input line 116.



Package newunicodechar Warning: Redefining Unicode character on input line 117.


(C:\Users\warle\AppData\Local\Programs\MiKTeX\tex/latex/hyperref\hyperref.sty
Package: hyperref 2023-07-08 v7.01b Hypertext links for LaTeX

(C:\Users\warle\AppData\Local\Programs\MiKTeX\tex/generic/ltxcmds\ltxcmds.sty
Package: ltxcmds 2020-05-10 v1.25 LaTeX kernel commands for general use (HO)
)
(C:\Users\warle\AppData\Local\Programs\MiKTeX\tex/generic/pdftexcmds\pdftexcmds
.sty
Package: pdftexcmds 2020-06-27 v0.33 Utility functions of pdfTeX for LuaTeX (HO
)

(C:\Users\warle\AppData\Local\Programs\MiKTeX\tex/generic/infwarerr\infwarerr.s
ty
Package: infwarerr 2019/12/03 v1.5 Providing info/warning/error messages (HO)
)
Package pdftexcmds Info: \pdf@primitive is available.
Package pdftexcmds Info: \pdf@ifprimitive is available.
Package pdftexcmds Info: \pdfdraftmode found.
)
(C:\Users\warle\AppData\Local\Programs\MiKTeX\tex/latex/kvsetkeys\kvsetkeys.sty
Package: kvsetkeys 2022-10-05 v1.19 Key value parser (HO)
)
(C:\Users\warle\AppData\Local\Programs\MiKTeX\tex/generic/kvdefinekeys\kvdefine
keys.sty
Package: kvdefinekeys 2019-12-19 v1.6 Define keys (HO)
)
(C:\Users\warle\AppData\Local\Programs\MiKTeX\tex/generic/pdfescape\pdfescape.s
ty
Package: pdfescape 2019/12/09 v1.15 Implements pdfTeX's escape features (HO)
) (C:\Users\warle\AppData\Local\Programs\MiKTeX\tex/latex/hycolor\hycolor.sty
Package: hycolor 2020-01-27 v1.10 Color options for hyperref/bookmark (HO)
)
(C:\Users\warle\AppData\Local\Programs\MiKTeX\tex/latex/letltxmacro\letltxmacro
.sty
Package: letltxmacro 2019/12/03 v1.6 Let assignment for LaTeX macros (HO)
)
(C:\Users\warle\AppData\Local\Programs\MiKTeX\tex/latex/auxhook\auxhook.sty
Package: auxhook 2019-12-17 v1.6 Hooks for auxiliary files (HO)
)
(C:\Users\warle\AppData\Local\Programs\MiKTeX\tex/latex/hyperref\nameref.sty
Package: nameref 2023-08-07 v2.53 Cross-referencing by name of section

(C:\Users\warle\AppData\Local\Programs\MiKTeX\tex/latex/refcount\refcount.sty
Package: refcount 2019/12/15 v3.6 Data extraction from label references (HO)
)
(C:\Users\warle\AppData\Local\Programs\MiKTeX\tex/generic/gettitlestring\gettit
lestring.sty
Package: gettitlestring 2019/12/15 v1.6 Cleanup title references (HO)

(C:\Users\warle\AppData\Local\Programs\MiKTeX\tex/latex/kvoptions\kvoptions.sty
Package: kvoptions 2022-06-15 v3.15 Key value format for package options (HO)
))
\c@section@level=\count306
)
\@linkdim=\dimen197
\Hy@linkcounter=\count307
\Hy@pagecounter=\count308
 (C:\Users\warle\AppData\Local\Programs\MiKTeX\tex/latex/hyperref\pd1enc.def
File: pd1enc.def 2023-07-08 v7.01b Hyperref: PDFDocEncoding definition (HO)
Now handling font encoding PD1 ...
... no UTF-8 mapping file for font encoding PD1
) (C:\Users\warle\AppData\Local\Programs\MiKTeX\tex/generic/intcalc\intcalc.sty
Package: intcalc 2019/12/15 v1.3 Expandable calculations with integers (HO)
)
\Hy@SavedSpaceFactor=\count309
 (C:\Users\warle\AppData\Local\Programs\MiKTeX\tex/latex/hyperref\puenc.def
File: puenc.def 2023-07-08 v7.01b Hyperref: PDF Unicode definition (HO)
Now handling font encoding PU ...
... no UTF-8 mapping file for font encoding PU
)
Package hyperref Info: Hyper figures OFF on input line 4167.
Package hyperref Info: Link nesting OFF on input line 4172.
Package hyperref Info: Hyper index ON on input line 4175.
Package hyperref Info: Plain pages OFF on input line 4182.
Package hyperref Info: Backreferencing ON on input line 4185.
Package hyperref Info: Implicit mode ON; LaTeX internals redefined.
Package hyperref Info: Bookmarks ON on input line 4434.

(C:\Users\warle\AppData\Local\Programs\MiKTeX\tex/latex/hyperref\backref.sty
Package: backref 2023/04/20 v1.42 Bibliographical back referencing

(C:\Users\warle\AppData\Local\Programs\MiKTeX\tex/latex/rerunfilecheck\rerunfil
echeck.sty
Package: rerunfilecheck 2022-07-10 v1.10 Rerun checks for auxiliary files (HO)

(C:\Users\warle\AppData\Local\Programs\MiKTeX\tex/latex/base\atveryend-ltx.sty
Package: atveryend-ltx 2020/08/19 v1.0a Emulation of the original atveryend pac
kage
with kernel methods
)
(C:\Users\warle\AppData\Local\Programs\MiKTeX\tex/generic/uniquecounter\uniquec
ounter.sty
Package: uniquecounter 2019/12/15 v1.4 Provide unlimited unique counter (HO)

(C:\Users\warle\AppData\Local\Programs\MiKTeX\tex/generic/bigintcalc\bigintcalc
.sty
Package: bigintcalc 2019/12/15 v1.5 Expandable calculations on big integers (HO
)
))
Package uniquecounter Info: New unique counter `rerunfilecheck' on input line 2
85.
))
\c@Hy@tempcnt=\count310
 (C:\Users\warle\AppData\Local\Programs\MiKTeX\tex/latex/url\url.sty
\Urlmuskip=\muskip16
Package: url 2013/09/16  ver 3.4  Verb mode for urls, etc.
)
LaTeX Info: Redefining \url on input line 4772.
\XeTeXLinkMargin=\dimen198

(C:\Users\warle\AppData\Local\Programs\MiKTeX\tex/generic/bitset\bitset.sty
Package: bitset 2019/12/09 v1.3 Handle bit-vector datatype (HO)
)
\Fld@menulength=\count311
\Field@Width=\dimen199
\Fld@charsize=\dimen256
Package hyperref Info: Hyper figures OFF on input line 6051.
Package hyperref Info: Link nesting OFF on input line 6056.
Package hyperref Info: Hyper index ON on input line 6059.
Package hyperref Info: backreferencing ON on input line 6064.
Package hyperref Info: Link coloring OFF on input line 6071.
Package hyperref Info: Link coloring with OCG OFF on input line 6076.
Package hyperref Info: PDF/A mode OFF on input line 6081.

(C:\Users\warle\AppData\Local\Programs\MiKTeX\tex/latex/base\atbegshi-ltx.sty
Package: atbegshi-ltx 2021/01/10 v1.0c Emulation of the original atbegshi
package with kernel methods
)
\Hy@abspage=\count312
\c@Item=\count313
\c@Hfootnote=\count314


LaTeX Warning: Command \LT@p@ftntext  has changed.
               Check if current package is valid.

)
Package hyperref Info: Driver: hpdftex.
 (C:\Users\warle\AppData\Local\Programs\MiKTeX\tex/latex/hyperref\hpdftex.def
File: hpdftex.def 2023-07-08 v7.01b Hyperref driver for pdfTeX
\Fld@listcount=\count315
\c@bookmark@seq@number=\count316
\Hy@SectionHShift=\skip127
)
Package hyperref Info: Option `colorlinks' set `true' on input line 135.
Package hyperref Info: Option `unicode' set `true' on input line 135.
(C:\Users\warle\AppData\Local\Programs\MiKTeX\tex/latex/caption\caption.sty
Package: caption 2023/08/05 v3.6o Customizing captions (AR)

(C:\Users\warle\AppData\Local\Programs\MiKTeX\tex/latex/caption\caption3.sty
Package: caption3 2023/07/31 v2.4d caption3 kernel (AR)
\caption@tempdima=\dimen257
\captionmargin=\dimen258
\caption@leftmargin=\dimen259
\caption@rightmargin=\dimen260
\caption@width=\dimen261
\caption@indent=\dimen262
\caption@parindent=\dimen263
\caption@hangindent=\dimen264
Package caption Info: Standard document class detected.
)
\c@caption@flags=\count317
\c@continuedfloat=\count318
Package caption Info: float package is loaded.
Package caption Info: hyperref package is loaded.
Package caption Info: longtable package is loaded.

(C:\Users\warle\AppData\Local\Programs\MiKTeX\tex/latex/caption\ltcaption.sty
Package: ltcaption 2021/01/08 v1.4c longtable captions (AR)
)) (C:\Users\warle\AppData\Local\Programs\MiKTeX\tex/latex/etoc\etoc.sty
Package: etoc 2023/10/29 v1.2d Completely customisable TOCs (JFB)
\Etoc@toctoks=\toks35
\c@etoc@tocid=\count319
\etoc@framed@titlebox=\box120
\etoc@framed@contentsbox=\box121
)
LaTeX Font Info:    Trying to load font information for T1+phv on input line 15
0.

(C:\Users\warle\AppData\Local\Programs\MiKTeX\tex/latex/psnfss\t1phv.fd
File: t1phv.fd 2020/03/25 scalable font definitions for T1/phv.
)
LaTeX Font Info:    Font shape `T1/phv/m/n' will be
(Font)              scaled to size 8.99994pt on input line 150.

(C:\Users\warle\AppData\Local\Programs\MiKTeX\tex/latex/l3backend\l3backend-pdf
tex.def
File: l3backend-pdftex.def 2023-04-19 L3 backend support: PDF output (pdfTeX)
\l__color_backend_stack_int=\count320
\l__pdf_internal_box=\box122
)
No file refman.aux.
\openout1 = `refman.aux'.

LaTeX Font Info:    Checking defaults for OML/cmm/m/it on input line 150.
LaTeX Font Info:    ... okay on input line 150.
LaTeX Font Info:    Checking defaults for OMS/cmsy/m/n on input line 150.
LaTeX Font Info:    ... okay on input line 150.
LaTeX Font Info:    Checking defaults for OT1/cmr/m/n on input line 150.
LaTeX Font Info:    ... okay on input line 150.
LaTeX Font Info:    Checking defaults for T1/cmr/m/n on input line 150.
LaTeX Font Info:    ... okay on input line 150.
LaTeX Font Info:    Checking defaults for TS1/cmr/m/n on input line 150.
LaTeX Font Info:    ... okay on input line 150.
LaTeX Font Info:    Checking defaults for OMX/cmex/m/n on input line 150.
LaTeX Font Info:    ... okay on input line 150.
LaTeX Font Info:    Checking defaults for U/cmr/m/n on input line 150.
LaTeX Font Info:    ... okay on input line 150.
LaTeX Font Info:    Checking defaults for PD1/pdf/m/n on input line 150.
LaTeX Font Info:    ... okay on input line 150.
LaTeX Font Info:    Checking defaults for PU/pdf/m/n on input line 150.
LaTeX Font Info:    ... okay on input line 150.

(C:\Users\warle\AppData\Local\Programs\MiKTeX\tex/context/base/mkii\supp-pdf.mk
ii
[Loading MPS to PDF converter (version 2006.09.02).]
\scratchcounter=\count321
\scratchdimen=\dimen265
\scratchbox=\box123
\nofMPsegments=\count322
\nofMParguments=\count323
\everyMPshowfont=\toks36
\MPscratchCnt=\count324
\MPscratchDim=\dimen266
\MPnumerator=\count325
\makeMPintoPDFobject=\count326
\everyMPtoPDFconversion=\toks37
)
(C:\Users\warle\AppData\Local\Programs\MiKTeX\tex/latex/epstopdf-pkg\epstopdf-b
ase.sty
Package: epstopdf-base 2020-01-24 v2.11 Base part for package epstopdf
Package epstopdf-base Info: Redefining graphics rule for `.eps' on input line 4
85.

(C:\Users\warle\AppData\Local\Programs\MiKTeX\tex/latex/00miktex\epstopdf-sys.c
fg
File: epstopdf-sys.cfg 2021/03/18 v2.0 Configuration of epstopdf for MiKTeX
))
*geometry* driver: auto-detecting
*geometry* detected driver: pdftex
*geometry* verbose mode - [ preamble ] result:
* driver: pdftex
* paper: a4paper
* layout: <same size as paper>
* layoutoffset:(h,v)=(0.0pt,0.0pt)
* modes: twoside 
* h-part:(L,W,R)=(71.13188pt, 455.24411pt, 71.13188pt)
* v-part:(T,H,B)=(71.13188pt, 702.78308pt, 71.13188pt)
* \paperwidth=597.50787pt
* \paperheight=845.04684pt
* \textwidth=455.24411pt
* \textheight=702.78308pt
* \oddsidemargin=-1.1381pt
* \evensidemargin=-1.1381pt
* \topmargin=-31.2056pt
* \headheight=12.0pt
* \headsep=18.06749pt
* \topskip=10.0pt
* \footskip=25.29494pt
* \marginparwidth=125.0pt
* \marginparsep=7.0pt
* \columnsep=10.0pt
* \skip\footins=9.0pt plus 4.0pt minus 2.0pt
* \hoffset=0.0pt
* \voffset=0.0pt
* \mag=1000
* \@twocolumnfalse
* \@twosidetrue
* \@mparswitchtrue
* \@reversemarginfalse
* (1in=72.27pt=25.4mm, 1cm=28.453pt)

Package backref Info: ** backref set up for natbib ** on input line 150.
Package hyperref Info: Link coloring ON on input line 150.
\@outlinefile=\write5
\openout5 = `refman.out'.

Package caption Info: Begin \AtBeginDocument code.
Package caption Info: End \AtBeginDocument code.
No file refman.toc.
Package hyperref Info: Option `pageanchor' set `false' on input line 156.
Package hyperref Info: Option `bookmarksnumbered' set `true' on input line 156.

Package hyperref Info: Option `unicode' set `true' on input line 156.
LaTeX Font Info:    Font shape `T1/phv/m/n' will be
(Font)              scaled to size 12.9599pt on input line 161.
LaTeX Font Info:    Font shape `T1/phv/m/n' will be
(Font)              scaled to size 6.29996pt on input line 161.
LaTeX Font Info:    Trying to load font information for U+msa on input line 161
.
(C:\Users\warle\AppData\Local\Programs\MiKTeX\tex/latex/amsfonts\umsa.fd
File: umsa.fd 2013/01/14 v3.01 AMS symbols A
)
LaTeX Font Info:    Trying to load font information for U+msb on input line 161
.

(C:\Users\warle\AppData\Local\Programs\MiKTeX\tex/latex/amsfonts\umsb.fd
File: umsb.fd 2013/01/14 v3.01 AMS symbols B
)
LaTeX Font Info:    Trying to load font information for U+wasy on input line 16
1.

(C:\Users\warle\AppData\Local\Programs\MiKTeX\tex/latex/wasysym\uwasy.fd
File: uwasy.fd 2020/01/19 v2.4 Wasy-2 symbol font definitions
)
LaTeX Font Info:    Font shape `T1/phv/m/n' will be
(Font)              scaled to size 10.79993pt on input line 163.

[1


{C:/Users/warle/AppData/Local/MiKTeX/fonts/map/pdftex/pdftex.map}{C:/Users/warl
e/AppData/Local/Programs/MiKTeX/fonts/enc/dvips/base/8r.enc}] [2

]
\tf@toc=\write6
\openout6 = `refman.toc'.

Package hyperref Info: Option `pageanchor' set `true' on input line 171.

Chapter 1.
LaTeX Font Info:    Font shape `T1/phv/m/n' will be
(Font)              scaled to size 18.66588pt on input line 174.
LaTeX Font Info:    Font shape `T1/phv/b/n' will be
(Font)              scaled to size 18.66588pt on input line 174.
LaTeX Font Info:    Font shape `T1/phv/bc/n' will be
(Font)              scaled to size 18.66588pt on input line 174.
LaTeX Font Info:    Font shape `T1/phv/m/n' will be
(Font)              scaled to size 22.39185pt on input line 174.
LaTeX Font Info:    Font shape `T1/phv/b/n' will be
(Font)              scaled to size 22.39185pt on input line 174.
LaTeX Font Info:    Font shape `T1/phv/bc/n' will be
(Font)              scaled to size 22.39185pt on input line 174.
(index.tex
LaTeX Font Info:    Font shape `T1/phv/b/n' will be
(Font)              scaled to size 12.9599pt on input line 1.
LaTeX Font Info:    Font shape `T1/phv/b/n' will be
(Font)              scaled to size 10.79993pt on input line 5.
LaTeX Font Info:    Font shape `T1/phv/b/n' will be
(Font)              scaled to size 6.29996pt on input line 5.
 [1


])
LaTeX Font Info:    Font shape `T1/phv/b/n' will be
(Font)              scaled to size 8.99994pt on input line 176.
 [2]
Chapter 2.
(hierarchy.tex

LaTeX Warning: Reference `classCliente' on page 3 undefined on input line 3.


LaTeX Warning: Reference `classAvaliacaoErrada' on page 3 undefined on input li
ne 5.


LaTeX Warning: Reference `classCodigoInexistente' on page 3 undefined on input 
line 6.


LaTeX Warning: Reference `classCodigoRepetido' on page 3 undefined on input lin
e 7.


LaTeX Warning: Reference `classComandoInvalido' on page 3 undefined on input li
ne 8.


LaTeX Warning: Reference `classCPFInexistente' on page 3 undefined on input lin
e 9.


LaTeX Warning: Reference `classCPFRepetido' on page 3 undefined on input line 1
0.


LaTeX Warning: Reference `classFilmeInexistente' on page 3 undefined on input l
ine 11.


LaTeX Warning: Reference `classOpcaoInvalida' on page 3 undefined on input line
 12.


LaTeX Warning: Reference `classSemClientes' on page 3 undefined on input line 1
3.


LaTeX Warning: Reference `classSemRecomendados' on page 3 undefined on input li
ne 14.


LaTeX Warning: Reference `classArquivoInexistente' on page 3 undefined on input
 line 17.


LaTeX Warning: Reference `classClienteBloqueado' on page 3 undefined on input l
ine 18.


LaTeX Warning: Reference `classDadosIncorretos' on page 3 undefined on input li
ne 19.


LaTeX Warning: Reference `classFilmeFalta' on page 3 undefined on input line 20
.


LaTeX Warning: Reference `classSemFilmes' on page 3 undefined on input line 21.



LaTeX Warning: Reference `classSemFilmesAlugados' on page 3 undefined on input 
line 22.


LaTeX Warning: Reference `classFilme' on page 3 undefined on input line 24.


LaTeX Warning: Reference `classdvdEstoque' on page 3 undefined on input line 26
.


LaTeX Warning: Reference `classdvdLancamento' on page 3 undefined on input line
 27.


LaTeX Warning: Reference `classdvdPromocao' on page 3 undefined on input line 2
8.


LaTeX Warning: Reference `classFita' on page 3 undefined on input line 29.


LaTeX Warning: Reference `classLocadora' on page 3 undefined on input line 31.

) [3

] [4

]
Chapter 3.
(annotated.tex

LaTeX Warning: Reference `classArquivoInexistente' on page 5 undefined on input
 line 3.


LaTeX Warning: Reference `classAvaliacaoErrada' on page 5 undefined on input li
ne 4.


LaTeX Warning: Reference `classCliente' on page 5 undefined on input line 5.


LaTeX Warning: Reference `classClienteBloqueado' on page 5 undefined on input l
ine 6.


LaTeX Warning: Reference `classCodigoInexistente' on page 5 undefined on input 
line 7.


LaTeX Warning: Reference `classCodigoRepetido' on page 5 undefined on input lin
e 8.


LaTeX Warning: Reference `classComandoInvalido' on page 5 undefined on input li
ne 9.

LaTeX Font Info:    Trying to load font information for TS1+phv on input line 1
0.
(C:\Users\warle\AppData\Local\Programs\MiKTeX\tex/latex/psnfss\ts1phv.fd
File: ts1phv.fd 2020/03/25 scalable font definitions for TS1/phv.
)
LaTeX Font Info:    Font shape `TS1/phv/m/n' will be
(Font)              scaled to size 8.99994pt on input line 10.


LaTeX Warning: Reference `classCPFInexistente' on page 5 undefined on input lin
e 10.


LaTeX Warning: Reference `classCPFRepetido' on page 5 undefined on input line 1
1.


LaTeX Warning: Reference `classDadosIncorretos' on page 5 undefined on input li
ne 12.


LaTeX Warning: Reference `classdvdEstoque' on page 5 undefined on input line 13
.


LaTeX Warning: Reference `classdvdLancamento' on page 5 undefined on input line
 14.


LaTeX Warning: Reference `classdvdPromocao' on page 5 undefined on input line 1
5.


LaTeX Warning: Reference `classFilme' on page 5 undefined on input line 16.


LaTeX Warning: Reference `classFilmeFalta' on page 5 undefined on input line 17
.


LaTeX Warning: Reference `classFilmeInexistente' on page 5 undefined on input l
ine 18.


LaTeX Warning: Reference `classFita' on page 5 undefined on input line 19.


LaTeX Warning: Reference `classLocadora' on page 5 undefined on input line 20.


LaTeX Warning: Reference `classOpcaoInvalida' on page 5 undefined on input line
 21.


LaTeX Warning: Reference `classSemClientes' on page 5 undefined on input line 2
2.


LaTeX Warning: Reference `classSemFilmes' on page 5 undefined on input line 23.



LaTeX Warning: Reference `classSemFilmesAlugados' on page 5 undefined on input 
line 24.


LaTeX Warning: Reference `classSemRecomendados' on page 5 undefined on input li
ne 25.

) [5] [6

]
Chapter 4.
(files.tex

LaTeX Warning: Reference `main_8cpp' on page 7 undefined on input line 3.


LaTeX Warning: Reference `cliente_8cpp' on page 7 undefined on input line 4.


LaTeX Warning: Reference `cliente_8hpp' on page 7 undefined on input line 5.


LaTeX Warning: Reference `erros_8hpp' on page 7 undefined on input line 6.


LaTeX Warning: Reference `filme_8cpp' on page 7 undefined on input line 7.


LaTeX Warning: Reference `filme_8hpp' on page 7 undefined on input line 8.


LaTeX Warning: Reference `DVDestoque_8cpp' on page 7 undefined on input line 9.



LaTeX Warning: Reference `DVDestoque_8hpp' on page 7 undefined on input line 10
.


LaTeX Warning: Reference `DVDlancamento_8cpp' on page 7 undefined on input line
 11.


LaTeX Warning: Reference `DVDlancamento_8hpp' on page 7 undefined on input line
 12.


LaTeX Warning: Reference `DVDpromocao_8cpp' on page 7 undefined on input line 1
3.


LaTeX Warning: Reference `DVDpromocao_8hpp' on page 7 undefined on input line 1
4.


LaTeX Warning: Reference `fita_8cpp' on page 7 undefined on input line 15.


LaTeX Warning: Reference `fita_8hpp' on page 7 undefined on input line 16.


LaTeX Warning: Reference `locadora_8cpp' on page 7 undefined on input line 17.


LaTeX Warning: Reference `locadora_8hpp' on page 7 undefined on input line 18.


LaTeX Warning: Reference `TestCliente_8cpp' on page 7 undefined on input line 1
9.


LaTeX Warning: Reference `TestFilmes_8cpp' on page 7 undefined on input line 20
.


LaTeX Warning: Reference `TestLocadora_8cpp' on page 7 undefined on input line 
21.

) [7] [8

]
Chapter 5.
(classArquivoInexistente.tex
LaTeX Font Info:    Trying to load font information for T1+pcr on input line 10
.

(C:\Users\warle\AppData\Local\Programs\MiKTeX\tex/latex/psnfss\t1pcr.fd
File: t1pcr.fd 2001/06/04 font definitions for T1/pcr.
) <./classArquivoInexistente__inherit__graph.pdf

pdfTeX warning: miktex-pdftex.exe (file ./classArquivoInexistente__inherit__gra
ph.pdf): PDF inclusion: multiple pdfs with page group included in a single page

>
<classArquivoInexistente__inherit__graph.pdf, id=155, 189.70876pt x 156.585pt>
File: classArquivoInexistente__inherit__graph.pdf Graphic file (type pdf)
<use classArquivoInexistente__inherit__graph.pdf>
Package pdftex.def Info: classArquivoInexistente__inherit__graph.pdf  used on i
nput line 18.
(pdftex.def)             Requested size: 189.0pt x 156.004pt.
 <./classArquivoInexistente__coll__graph.pdf

pdfTeX warning: miktex-pdftex.exe (file ./classArquivoInexistente__coll__graph.
pdf): PDF inclusion: multiple pdfs with page group included in a single page
>
<classArquivoInexistente__coll__graph.pdf, id=163, 189.70876pt x 156.585pt>
File: classArquivoInexistente__coll__graph.pdf Graphic file (type pdf)
<use classArquivoInexistente__coll__graph.pdf>
Package pdftex.def Info: classArquivoInexistente__coll__graph.pdf  used on inpu
t line 27.
(pdftex.def)             Requested size: 189.0pt x 156.004pt.
 [9]
LaTeX Font Info:    Font shape `T1/phv/m/n' will be
(Font)              scaled to size 7.19995pt on input line 47.

Overfull \hbox (18.34215pt too wide) in paragraph at lines 47--48
\T1/pcr/m/n/8 virtual const char$\OMS/cmsy/m/n/8 ^^C$ \T1/pcr/m/n/8 Arquivo[]In
existente[]::what ( ) const [inline], [override], [virtual], [noexcept] 
 []

) (classAvaliacaoErrada.tex <./classAvaliacaoErrada__inherit__graph.pdf>
<classAvaliacaoErrada__inherit__graph.pdf, id=184, 175.65625pt x 156.585pt>
File: classAvaliacaoErrada__inherit__graph.pdf Graphic file (type pdf)
<use classAvaliacaoErrada__inherit__graph.pdf>
Package pdftex.def Info: classAvaliacaoErrada__inherit__graph.pdf  used on inpu
t line 18.
(pdftex.def)             Requested size: 175.0pt x 156.01117pt.
 <./classAvaliacaoErrada__coll__graph.pdf

pdfTeX warning: miktex-pdftex.exe (file ./classAvaliacaoErrada__coll__graph.pdf
): PDF inclusion: multiple pdfs with page group included in a single page
>
<classAvaliacaoErrada__coll__graph.pdf, id=192, 175.65625pt x 156.585pt>
File: classAvaliacaoErrada__coll__graph.pdf Graphic file (type pdf)
<use classAvaliacaoErrada__coll__graph.pdf>
Package pdftex.def Info: classAvaliacaoErrada__coll__graph.pdf  used on input l
ine 27.
(pdftex.def)             Requested size: 175.0pt x 156.01117pt.
 [10]) (classCliente.tex
LaTeX Font Info:    Font shape `T1/phv/m/n' will be
(Font)              scaled to size 8.09995pt on input line 11.
LaTeX Font Info:    Font shape `T1/phv/m/it' in size <9> not available
(Font)              Font shape `T1/phv/m/sl' tried instead on input line 11.
LaTeX Font Info:    Font shape `T1/phv/m/sl' will be
(Font)              scaled to size 8.09995pt on input line 11.
LaTeX Font Info:    Font shape `T1/phv/m/it' in size <7> not available
(Font)              Font shape `T1/phv/m/sl' tried instead on input line 11.
LaTeX Font Info:    Font shape `T1/phv/m/sl' will be
(Font)              scaled to size 6.29996pt on input line 11.
 [11] [12]

Package longtable Warning: Column widths have changed
(longtable)                in table 5.1 on input line 78.

LaTeX Font Info:    Font shape `T1/pcr/m/it' in size <8> not available
(Font)              Font shape `T1/pcr/m/sl' tried instead on input line 86.

Package longtable Warning: Column widths have changed
(longtable)                in table 5.2 on input line 100.

[13]

Package longtable Warning: Column widths have changed
(longtable)                in table 5.3 on input line 134.


Package longtable Warning: Column widths have changed
(longtable)                in table 5.4 on input line 153.


Underfull \hbox (badness 10000) detected at line 154
[][][]
 []

[14]

Package longtable Warning: Column widths have changed
(longtable)                in table 5.5 on input line 185.

[15]

Package longtable Warning: Column widths have changed
(longtable)                in table 5.6 on input line 220.


Package longtable Warning: Column widths have changed
(longtable)                in table 5.7 on input line 245.

[16]) (classClienteBloqueado.tex <./classClienteBloqueado__inherit__graph.pdf

pdfTeX warning: miktex-pdftex.exe (file ./classClienteBloqueado__inherit__graph
.pdf): PDF inclusion: multiple pdfs with page group included in a single page
>
<classClienteBloqueado__inherit__graph.pdf, id=362, 183.68625pt x 156.585pt>
File: classClienteBloqueado__inherit__graph.pdf Graphic file (type pdf)
<use classClienteBloqueado__inherit__graph.pdf>
Package pdftex.def Info: classClienteBloqueado__inherit__graph.pdf  used on inp
ut line 18.
(pdftex.def)             Requested size: 183.0pt x 156.01117pt.
 [17] <./classClienteBloqueado__coll__graph.pdf

pdfTeX warning: miktex-pdftex.exe (file ./classClienteBloqueado__coll__graph.pd
f): PDF inclusion: multiple pdfs with page group included in a single page
>
<classClienteBloqueado__coll__graph.pdf, id=382, 183.68625pt x 156.585pt>
File: classClienteBloqueado__coll__graph.pdf Graphic file (type pdf)
<use classClienteBloqueado__coll__graph.pdf>
Package pdftex.def Info: classClienteBloqueado__coll__graph.pdf  used on input 
line 27.
(pdftex.def)             Requested size: 183.0pt x 156.01117pt.
 [18]) (classCodigoInexistente.tex <./classCodigoInexistente__inherit__graph.pd
f>
<classCodigoInexistente__inherit__graph.pdf, id=403, 185.69376pt x 156.585pt>
File: classCodigoInexistente__inherit__graph.pdf Graphic file (type pdf)
<use classCodigoInexistente__inherit__graph.pdf>
Package pdftex.def Info: classCodigoInexistente__inherit__graph.pdf  used on in
put line 18.
(pdftex.def)             Requested size: 185.0pt x 156.004pt.
 <./classCodigoInexistente__coll__graph.pdf

pdfTeX warning: miktex-pdftex.exe (file ./classCodigoInexistente__coll__graph.p
df): PDF inclusion: multiple pdfs with page group included in a single page
>
<classCodigoInexistente__coll__graph.pdf, id=411, 185.69376pt x 156.585pt>
File: classCodigoInexistente__coll__graph.pdf Graphic file (type pdf)
<use classCodigoInexistente__coll__graph.pdf>
Package pdftex.def Info: classCodigoInexistente__coll__graph.pdf  used on input
 line 27.
(pdftex.def)             Requested size: 185.0pt x 156.004pt.
 [19]) (classCodigoRepetido.tex <./classCodigoRepetido__inherit__graph.pdf>
<classCodigoRepetido__inherit__graph.pdf, id=431, 174.6525pt x 156.585pt>
File: classCodigoRepetido__inherit__graph.pdf Graphic file (type pdf)
<use classCodigoRepetido__inherit__graph.pdf>
Package pdftex.def Info: classCodigoRepetido__inherit__graph.pdf  used on input
 line 18.
(pdftex.def)             Requested size: 174.0pt x 156.00879pt.
 <./classCodigoRepetido__coll__graph.pdf

pdfTeX warning: miktex-pdftex.exe (file ./classCodigoRepetido__coll__graph.pdf)
: PDF inclusion: multiple pdfs with page group included in a single page
>
<classCodigoRepetido__coll__graph.pdf, id=439, 174.6525pt x 156.585pt>
File: classCodigoRepetido__coll__graph.pdf Graphic file (type pdf)
<use classCodigoRepetido__coll__graph.pdf>
Package pdftex.def Info: classCodigoRepetido__coll__graph.pdf  used on input li
ne 27.
(pdftex.def)             Requested size: 174.0pt x 156.00879pt.
 [20]) (classComandoInvalido.tex <./classComandoInvalido__inherit__graph.pdf>
<classComandoInvalido__inherit__graph.pdf, id=461, 182.6825pt x 156.585pt>
File: classComandoInvalido__inherit__graph.pdf Graphic file (type pdf)
<use classComandoInvalido__inherit__graph.pdf>
Package pdftex.def Info: classComandoInvalido__inherit__graph.pdf  used on inpu
t line 18.
(pdftex.def)             Requested size: 182.0pt x 156.0064pt.

[21] <./classComandoInvalido__coll__graph.pdf>
<classComandoInvalido__coll__graph.pdf, id=480, 182.6825pt x 156.585pt>
File: classComandoInvalido__coll__graph.pdf Graphic file (type pdf)
<use classComandoInvalido__coll__graph.pdf>
Package pdftex.def Info: classComandoInvalido__coll__graph.pdf  used on input l
ine 27.
(pdftex.def)             Requested size: 182.0pt x 156.0064pt.
 [22]) (classCPFInexistente.tex <./classCPFInexistente__inherit__graph.pdf>
<classCPFInexistente__inherit__graph.pdf, id=502, 170.6375pt x 156.585pt>
File: classCPFInexistente__inherit__graph.pdf Graphic file (type pdf)
<use classCPFInexistente__inherit__graph.pdf>
Package pdftex.def Info: classCPFInexistente__inherit__graph.pdf  used on input
 line 18.
(pdftex.def)             Requested size: 170.0pt x 156.00879pt.
 <./classCPFInexistente__coll__graph.pdf

pdfTeX warning: miktex-pdftex.exe (file ./classCPFInexistente__coll__graph.pdf)
: PDF inclusion: multiple pdfs with page group included in a single page
>
<classCPFInexistente__coll__graph.pdf, id=510, 170.6375pt x 156.585pt>
File: classCPFInexistente__coll__graph.pdf Graphic file (type pdf)
<use classCPFInexistente__coll__graph.pdf>
Package pdftex.def Info: classCPFInexistente__coll__graph.pdf  used on input li
ne 27.
(pdftex.def)             Requested size: 170.0pt x 156.00879pt.
 [23]) (classCPFRepetido.tex <./classCPFRepetido__inherit__graph.pdf>
<classCPFRepetido__inherit__graph.pdf, id=532, 159.59625pt x 156.585pt>
File: classCPFRepetido__inherit__graph.pdf Graphic file (type pdf)
<use classCPFRepetido__inherit__graph.pdf>
Package pdftex.def Info: classCPFRepetido__inherit__graph.pdf  used on input li
ne 18.
(pdftex.def)             Requested size: 159.0pt x 156.00162pt.
 <./classCPFRepetido__coll__graph.pdf

pdfTeX warning: miktex-pdftex.exe (file ./classCPFRepetido__coll__graph.pdf): P
DF inclusion: multiple pdfs with page group included in a single page
>
<classCPFRepetido__coll__graph.pdf, id=540, 159.59625pt x 156.585pt>
File: classCPFRepetido__coll__graph.pdf Graphic file (type pdf)
<use classCPFRepetido__coll__graph.pdf>
Package pdftex.def Info: classCPFRepetido__coll__graph.pdf  used on input line 
27.
(pdftex.def)             Requested size: 159.0pt x 156.00162pt.
 [24]) (classDadosIncorretos.tex <./classDadosIncorretos__inherit__graph.pdf>
<classDadosIncorretos__inherit__graph.pdf, id=561, 176.66pt x 156.585pt>
File: classDadosIncorretos__inherit__graph.pdf Graphic file (type pdf)
<use classDadosIncorretos__inherit__graph.pdf>
Package pdftex.def Info: classDadosIncorretos__inherit__graph.pdf  used on inpu
t line 18.
(pdftex.def)             Requested size: 176.0pt x 156.00162pt.
 <./classDadosIncorretos__coll__graph.pdf

pdfTeX warning: miktex-pdftex.exe (file ./classDadosIncorretos__coll__graph.pdf
): PDF inclusion: multiple pdfs with page group included in a single page
>
<classDadosIncorretos__coll__graph.pdf, id=569, 176.66pt x 156.585pt>
File: classDadosIncorretos__coll__graph.pdf Graphic file (type pdf)
<use classDadosIncorretos__coll__graph.pdf>
Package pdftex.def Info: classDadosIncorretos__coll__graph.pdf  used on input l
ine 27.
(pdftex.def)             Requested size: 176.0pt x 156.00162pt.
 [25]) (classdvdEstoque.tex <./classdvdEstoque__inherit__graph.pdf>
<classdvdEstoque__inherit__graph.pdf, id=591, 154.5775pt x 156.585pt>
File: classdvdEstoque__inherit__graph.pdf Graphic file (type pdf)
<use classdvdEstoque__inherit__graph.pdf>
Package pdftex.def Info: classdvdEstoque__inherit__graph.pdf  used on input lin
e 13.
(pdftex.def)             Requested size: 154.0pt x 156.01357pt.
 [26] <./classdvdEstoque__coll__graph.pdf>
<classdvdEstoque__coll__graph.pdf, id=610, 154.5775pt x 156.585pt>
File: classdvdEstoque__coll__graph.pdf Graphic file (type pdf)
<use classdvdEstoque__coll__graph.pdf>
Package pdftex.def Info: classdvdEstoque__coll__graph.pdf  used on input line 2
2.
(pdftex.def)             Requested size: 154.0pt x 156.01357pt.
 [27]

Package longtable Warning: Column widths have changed
(longtable)                in table 5.8 on input line 46.


Package longtable Warning: Column widths have changed
(longtable)                in table 5.9 on input line 64.


Package longtable Warning: Column widths have changed
(longtable)                in table 5.10 on input line 82.

[28]
Underfull \hbox (badness 10000) detected at line 83
[][][]
 []

) (classdvdLancamento.tex <./classdvdLancamento__inherit__graph.pdf

pdfTeX warning: miktex-pdftex.exe (file ./classdvdLancamento__inherit__graph.pd
f): PDF inclusion: multiple pdfs with page group included in a single page
>
<classdvdLancamento__inherit__graph.pdf, id=653, 175.65625pt x 156.585pt>
File: classdvdLancamento__inherit__graph.pdf Graphic file (type pdf)
<use classdvdLancamento__inherit__graph.pdf>
Package pdftex.def Info: classdvdLancamento__inherit__graph.pdf  used on input 
line 13.
(pdftex.def)             Requested size: 175.0pt x 156.01117pt.
 <./classdvdLancamento__coll__graph.pdf

pdfTeX warning: miktex-pdftex.exe (file ./classdvdLancamento__coll__graph.pdf):
 PDF inclusion: multiple pdfs with page group included in a single page
>
<classdvdLancamento__coll__graph.pdf, id=661, 175.65625pt x 156.585pt>
File: classdvdLancamento__coll__graph.pdf Graphic file (type pdf)
<use classdvdLancamento__coll__graph.pdf>
Package pdftex.def Info: classdvdLancamento__coll__graph.pdf  used on input lin
e 22.
(pdftex.def)             Requested size: 175.0pt x 156.01117pt.
 [29]

Package longtable Warning: Column widths have changed
(longtable)                in table 5.11 on input line 46.


Package longtable Warning: Column widths have changed
(longtable)                in table 5.12 on input line 64.

[30]

Package longtable Warning: Column widths have changed
(longtable)                in table 5.13 on input line 82.


Underfull \hbox (badness 10000) detected at line 83
[][][]
 []

) (classdvdPromocao.tex <./classdvdPromocao__inherit__graph.pdf

pdfTeX warning: miktex-pdftex.exe (file ./classdvdPromocao__inherit__graph.pdf)
: PDF inclusion: multiple pdfs with page group included in a single page
>
<classdvdPromocao__inherit__graph.pdf, id=702, 163.61125pt x 156.585pt>
File: classdvdPromocao__inherit__graph.pdf Graphic file (type pdf)
<use classdvdPromocao__inherit__graph.pdf>
Package pdftex.def Info: classdvdPromocao__inherit__graph.pdf  used on input li
ne 13.
(pdftex.def)             Requested size: 163.0pt x 155.99922pt.
 <./classdvdPromocao__coll__graph.pdf

pdfTeX warning: miktex-pdftex.exe (file ./classdvdPromocao__coll__graph.pdf): P
DF inclusion: multiple pdfs with page group included in a single page
>
<classdvdPromocao__coll__graph.pdf, id=710, 163.61125pt x 156.585pt>
File: classdvdPromocao__coll__graph.pdf Graphic file (type pdf)
<use classdvdPromocao__coll__graph.pdf>
Package pdftex.def Info: classdvdPromocao__coll__graph.pdf  used on input line 
22.
(pdftex.def)             Requested size: 163.0pt x 155.99922pt.
 [31]

Package longtable Warning: Column widths have changed
(longtable)                in table 5.14 on input line 46.


Package longtable Warning: Column widths have changed
(longtable)                in table 5.15 on input line 64.

[32]

Package longtable Warning: Column widths have changed
(longtable)                in table 5.16 on input line 82.


Underfull \hbox (badness 10000) detected at line 83
[][][]
 []

) (classFilme.tex <./classFilme__inherit__graph.pdf

pdfTeX warning: miktex-pdftex.exe (file ./classFilme__inherit__graph.pdf): PDF 
inclusion: multiple pdfs with page group included in a single page
>
<classFilme__inherit__graph.pdf, id=749, 423.5825pt x 156.585pt>
File: classFilme__inherit__graph.pdf Graphic file (type pdf)
<use classFilme__inherit__graph.pdf>
Package pdftex.def Info: classFilme__inherit__graph.pdf  used on input line 13.

(pdftex.def)             Requested size: 350.0pt x 129.3873pt.
 [33]

Package longtable Warning: Column widths have changed
(longtable)                in table 5.17 on input line 79.


Overfull \vbox (92.24681pt too high) has occurred while \output is active []


[34]

Package longtable Warning: Column widths have changed
(longtable)                in table 5.18 on input line 105.

[35]

Package longtable Warning: Column widths have changed
(longtable)                in table 5.19 on input line 139.


Package longtable Warning: Column widths have changed
(longtable)                in table 5.20 on input line 170.

[36]) (classFilmeFalta.tex [37] <./classFilmeFalta__inherit__graph.pdf

pdfTeX warning: miktex-pdftex.exe (file ./classFilmeFalta__inherit__graph.pdf):
 PDF inclusion: multiple pdfs with page group included in a single page
>
<classFilmeFalta__inherit__graph.pdf, id=852, 147.55125pt x 156.585pt>
File: classFilmeFalta__inherit__graph.pdf Graphic file (type pdf)
<use classFilmeFalta__inherit__graph.pdf>
Package pdftex.def Info: classFilmeFalta__inherit__graph.pdf  used on input lin
e 18.
(pdftex.def)             Requested size: 147.0pt x 156.004pt.
 <./classFilmeFalta__coll__graph.pdf

pdfTeX warning: miktex-pdftex.exe (file ./classFilmeFalta__coll__graph.pdf): PD
F inclusion: multiple pdfs with page group included in a single page
>
<classFilmeFalta__coll__graph.pdf, id=860, 147.55125pt x 156.585pt>
File: classFilmeFalta__coll__graph.pdf Graphic file (type pdf)
<use classFilmeFalta__coll__graph.pdf>
Package pdftex.def Info: classFilmeFalta__coll__graph.pdf  used on input line 2
7.
(pdftex.def)             Requested size: 147.0pt x 156.004pt.
 [38]) (classFilmeInexistente.tex <./classFilmeInexistente__inherit__graph.pdf>
<classFilmeInexistente__inherit__graph.pdf, id=882, 178.6675pt x 156.585pt>
File: classFilmeInexistente__inherit__graph.pdf Graphic file (type pdf)
<use classFilmeInexistente__inherit__graph.pdf>
Package pdftex.def Info: classFilmeInexistente__inherit__graph.pdf  used on inp
ut line 18.
(pdftex.def)             Requested size: 178.0pt x 156.00879pt.
 <./classFilmeInexistente__coll__graph.pdf

pdfTeX warning: miktex-pdftex.exe (file ./classFilmeInexistente__coll__graph.pd
f): PDF inclusion: multiple pdfs with page group included in a single page
>
<classFilmeInexistente__coll__graph.pdf, id=890, 178.6675pt x 156.585pt>
File: classFilmeInexistente__coll__graph.pdf Graphic file (type pdf)
<use classFilmeInexistente__coll__graph.pdf>
Package pdftex.def Info: classFilmeInexistente__coll__graph.pdf  used on input 
line 27.
(pdftex.def)             Requested size: 178.0pt x 156.00879pt.
 [39] [40]) (classFita.tex <./classFita__inherit__graph.pdf>
<classFita__inherit__graph.pdf, id=927, 124.465pt x 156.585pt>
File: classFita__inherit__graph.pdf Graphic file (type pdf)
<use classFita__inherit__graph.pdf>
Package pdftex.def Info: classFita__inherit__graph.pdf  used on input line 13.
(pdftex.def)             Requested size: 124.0pt x 156.004pt.
 <./classFita__coll__graph.pdf

pdfTeX warning: miktex-pdftex.exe (file ./classFita__coll__graph.pdf): PDF incl
usion: multiple pdfs with page group included in a single page
>
<classFita__coll__graph.pdf, id=935, 124.465pt x 156.585pt>
File: classFita__coll__graph.pdf Graphic file (type pdf)
<use classFita__coll__graph.pdf>
Package pdftex.def Info: classFita__coll__graph.pdf  used on input line 22.
(pdftex.def)             Requested size: 124.0pt x 156.004pt.
 [41]

Package longtable Warning: Column widths have changed
(longtable)                in table 5.21 on input line 50.

[42]

Package longtable Warning: Column widths have changed
(longtable)                in table 5.22 on input line 70.

) (classLocadora.tex [43] [44]

Package longtable Warning: Column widths have changed
(longtable)                in table 5.23 on input line 82.

[45]

Package longtable Warning: Column widths have changed
(longtable)                in table 5.24 on input line 102.


Package longtable Warning: Column widths have changed
(longtable)                in table 5.25 on input line 119.

[46]

Package longtable Warning: Column widths have changed
(longtable)                in table 5.26 on input line 147.


Package longtable Warning: Column widths have changed
(longtable)                in table 5.27 on input line 164.


Package longtable Warning: Column widths have changed
(longtable)                in table 5.28 on input line 187.


Overfull \vbox (15.40991pt too high) has occurred while \output is active []


[47]

Package longtable Warning: Column widths have changed
(longtable)                in table 5.29 on input line 202.


Package longtable Warning: Column widths have changed
(longtable)                in table 5.30 on input line 227.


Underfull \vbox (badness 10000) has occurred while \output is active []

 [48]

Package longtable Warning: Column widths have changed
(longtable)                in table 5.31 on input line 242.

[49]) (classOpcaoInvalida.tex [50] <./classOpcaoInvalida__inherit__graph.pdf

pdfTeX warning: miktex-pdftex.exe (file ./classOpcaoInvalida__inherit__graph.pd
f): PDF inclusion: multiple pdfs with page group included in a single page
>
<classOpcaoInvalida__inherit__graph.pdf, id=1103, 166.6225pt x 156.585pt>
File: classOpcaoInvalida__inherit__graph.pdf Graphic file (type pdf)
<use classOpcaoInvalida__inherit__graph.pdf>
Package pdftex.def Info: classOpcaoInvalida__inherit__graph.pdf  used on input 
line 18.
(pdftex.def)             Requested size: 166.0pt x 156.01117pt.
 <./classOpcaoInvalida__coll__graph.pdf

pdfTeX warning: miktex-pdftex.exe (file ./classOpcaoInvalida__coll__graph.pdf):
 PDF inclusion: multiple pdfs with page group included in a single page
>
<classOpcaoInvalida__coll__graph.pdf, id=1111, 166.6225pt x 156.585pt>
File: classOpcaoInvalida__coll__graph.pdf Graphic file (type pdf)
<use classOpcaoInvalida__coll__graph.pdf>
Package pdftex.def Info: classOpcaoInvalida__coll__graph.pdf  used on input lin
e 27.
(pdftex.def)             Requested size: 166.0pt x 156.01117pt.
 [51]) (classSemClientes.tex <./classSemClientes__inherit__graph.pdf>
<classSemClientes__inherit__graph.pdf, id=1132, 158.5925pt x 156.585pt>
File: classSemClientes__inherit__graph.pdf Graphic file (type pdf)
<use classSemClientes__inherit__graph.pdf>
Package pdftex.def Info: classSemClientes__inherit__graph.pdf  used on input li
ne 18.
(pdftex.def)             Requested size: 158.0pt x 156.01357pt.
 <./classSemClientes__coll__graph.pdf

pdfTeX warning: miktex-pdftex.exe (file ./classSemClientes__coll__graph.pdf): P
DF inclusion: multiple pdfs with page group included in a single page
>
<classSemClientes__coll__graph.pdf, id=1140, 158.5925pt x 156.585pt>
File: classSemClientes__coll__graph.pdf Graphic file (type pdf)
<use classSemClientes__coll__graph.pdf>
Package pdftex.def Info: classSemClientes__coll__graph.pdf  used on input line 
27.
(pdftex.def)             Requested size: 158.0pt x 156.01357pt.
 [52]) (classSemFilmes.tex <./classSemFilmes__inherit__graph.pdf>
<classSemFilmes__inherit__graph.pdf, id=1161, 151.56625pt x 156.585pt>
File: classSemFilmes__inherit__graph.pdf Graphic file (type pdf)
<use classSemFilmes__inherit__graph.pdf>
Package pdftex.def Info: classSemFilmes__inherit__graph.pdf  used on input line
 18.
(pdftex.def)             Requested size: 151.0pt x 156.00162pt.
 <./classSemFilmes__coll__graph.pdf

pdfTeX warning: miktex-pdftex.exe (file ./classSemFilmes__coll__graph.pdf): PDF
 inclusion: multiple pdfs with page group included in a single page
>
<classSemFilmes__coll__graph.pdf, id=1169, 151.56625pt x 156.585pt>
File: classSemFilmes__coll__graph.pdf Graphic file (type pdf)
<use classSemFilmes__coll__graph.pdf>
Package pdftex.def Info: classSemFilmes__coll__graph.pdf  used on input line 27
.
(pdftex.def)             Requested size: 151.0pt x 156.00162pt.
 [53]) (classSemFilmesAlugados.tex <./classSemFilmesAlugados__inherit__graph.pd
f>
<classSemFilmesAlugados__inherit__graph.pdf, id=1192, 196.735pt x 156.585pt>
File: classSemFilmesAlugados__inherit__graph.pdf Graphic file (type pdf)
<use classSemFilmesAlugados__inherit__graph.pdf>
Package pdftex.def Info: classSemFilmesAlugados__inherit__graph.pdf  used on in
put line 13.
(pdftex.def)             Requested size: 196.0pt x 155.99922pt.
 [54] <./classSemFilmesAlugados__coll__graph.pdf>
<classSemFilmesAlugados__coll__graph.pdf, id=1211, 196.735pt x 156.585pt>
File: classSemFilmesAlugados__coll__graph.pdf Graphic file (type pdf)
<use classSemFilmesAlugados__coll__graph.pdf>
Package pdftex.def Info: classSemFilmesAlugados__coll__graph.pdf  used on input
 line 22.
(pdftex.def)             Requested size: 196.0pt x 155.99922pt.
) (classSemRecomendados.tex [55] <./classSemRecomendados__inherit__graph.pdf>
<classSemRecomendados__inherit__graph.pdf, id=1233, 193.72375pt x 156.585pt>
File: classSemRecomendados__inherit__graph.pdf Graphic file (type pdf)
<use classSemRecomendados__inherit__graph.pdf>
Package pdftex.def Info: classSemRecomendados__inherit__graph.pdf  used on inpu
t line 18.
(pdftex.def)             Requested size: 193.0pt x 156.00162pt.
 <./classSemRecomendados__coll__graph.pdf

pdfTeX warning: miktex-pdftex.exe (file ./classSemRecomendados__coll__graph.pdf
): PDF inclusion: multiple pdfs with page group included in a single page
>
<classSemRecomendados__coll__graph.pdf, id=1241, 193.72375pt x 156.585pt>
File: classSemRecomendados__coll__graph.pdf Graphic file (type pdf)
<use classSemRecomendados__coll__graph.pdf>
Package pdftex.def Info: classSemRecomendados__coll__graph.pdf  used on input l
ine 27.
(pdftex.def)             Requested size: 193.0pt x 156.00162pt.
 [56]) [57] [58

]
Chapter 6.
(cliente_8cpp.tex <./cliente_8cpp__incl.pdf

pdfTeX warning: miktex-pdftex.exe (file ./cliente_8cpp__incl.pdf): PDF inclusio
n: multiple pdfs with page group included in a single page
>
<cliente_8cpp__incl.pdf, id=1272, 508.90125pt x 269.005pt>
File: cliente_8cpp__incl.pdf Graphic file (type pdf)
<use cliente_8cpp__incl.pdf>
Package pdftex.def Info: cliente_8cpp__incl.pdf  used on input line 10.
(pdftex.def)             Requested size: 350.0pt x 185.01846pt.
) (cliente_8hpp.tex <./cliente_8hpp__incl.pdf

pdfTeX warning: miktex-pdftex.exe (file ./cliente_8hpp__incl.pdf): PDF inclusio
n: multiple pdfs with page group included in a single page
>
<cliente_8hpp__incl.pdf, id=1287, 403.5075pt x 212.795pt>
File: cliente_8hpp__incl.pdf Graphic file (type pdf)
<use cliente_8hpp__incl.pdf>
Package pdftex.def Info: cliente_8hpp__incl.pdf  used on input line 17.
(pdftex.def)             Requested size: 350.0pt x 184.57816pt.
 [59] <./cliente_8hpp__dep__incl.pdf>
<cliente_8hpp__dep__incl.pdf, id=1312, 645.41125pt x 212.795pt>
File: cliente_8hpp__dep__incl.pdf Graphic file (type pdf)
<use cliente_8hpp__dep__incl.pdf>
Package pdftex.def Info: cliente_8hpp__dep__incl.pdf  used on input line 24.
(pdftex.def)             Requested size: 350.0pt x 115.39462pt.
) (erros_8hpp.tex <./erros_8hpp__incl.pdf

pdfTeX warning: miktex-pdftex.exe (file ./erros_8hpp__incl.pdf): PDF inclusion:
 multiple pdfs with page group included in a single page
>
<erros_8hpp__incl.pdf, id=1321, 434.62375pt x 156.585pt>
File: erros_8hpp__incl.pdf Graphic file (type pdf)
<use erros_8hpp__incl.pdf>
Package pdftex.def Info: erros_8hpp__incl.pdf  used on input line 12.
(pdftex.def)             Requested size: 350.0pt x 126.10442pt.
 [60] <./erros_8hpp__dep__incl.pdf>
<erros_8hpp__dep__incl.pdf, id=1339, 810.02625pt x 156.585pt>
File: erros_8hpp__dep__incl.pdf Graphic file (type pdf)
<use erros_8hpp__dep__incl.pdf>
Package pdftex.def Info: erros_8hpp__dep__incl.pdf  used on input line 19.
(pdftex.def)             Requested size: 350.0pt x 67.65994pt.
LaTeX Font Info:    Font shape `TS1/phv/m/it' in size <9> not available
(Font)              Font shape `TS1/phv/m/sl' tried instead on input line 36.
LaTeX Font Info:    Font shape `TS1/phv/m/sl' will be
(Font)              scaled to size 8.09995pt on input line 36.
 [61]) (filme_8cpp.tex <./filme_8cpp__incl.pdf>
<filme_8cpp__incl.pdf, id=1378, 508.90125pt x 212.795pt>
File: filme_8cpp__incl.pdf Graphic file (type pdf)
<use filme_8cpp__incl.pdf>
Package pdftex.def Info: filme_8cpp__incl.pdf  used on input line 9.
(pdftex.def)             Requested size: 350.0pt x 146.35788pt.
) (filme_8hpp.tex <./filme_8hpp__incl.pdf

pdfTeX warning: miktex-pdftex.exe (file ./filme_8hpp__incl.pdf): PDF inclusion:
 multiple pdfs with page group included in a single page
>
<filme_8hpp__incl.pdf, id=1393, 359.3425pt x 156.585pt>
File: filme_8hpp__incl.pdf Graphic file (type pdf)
<use filme_8hpp__incl.pdf>
Package pdftex.def Info: filme_8hpp__incl.pdf  used on input line 16.
(pdftex.def)             Requested size: 350.0pt x 152.52519pt.
 <./filme_8hpp__dep__incl.pdf

pdfTeX warning: miktex-pdftex.exe (file ./filme_8hpp__dep__incl.pdf): PDF inclu
sion: multiple pdfs with page group included in a single page
>
<filme_8hpp__dep__incl.pdf, id=1408, 1633.10126pt x 269.005pt>
File: filme_8hpp__dep__incl.pdf Graphic file (type pdf)
<use filme_8hpp__dep__incl.pdf>
Package pdftex.def Info: filme_8hpp__dep__incl.pdf  used on input line 23.
(pdftex.def)             Requested size: 350.0pt x 57.65022pt.
 [62]) (DVDestoque_8cpp.tex <./DVDestoque_8cpp__incl.pdf>
<DVDestoque_8cpp__incl.pdf, id=1433, 359.3425pt x 269.005pt>
File: DVDestoque_8cpp__incl.pdf Graphic file (type pdf)
<use DVDestoque_8cpp__incl.pdf>
Package pdftex.def Info: DVDestoque_8cpp__incl.pdf  used on input line 8.
(pdftex.def)             Requested size: 350.0pt x 262.03047pt.
)
(DVDestoque_8hpp.tex <./DVDestoque_8hpp__incl.pdf

pdfTeX warning: miktex-pdftex.exe (file ./DVDestoque_8hpp__incl.pdf): PDF inclu
sion: multiple pdfs with page group included in a single page
>
<DVDestoque_8hpp__incl.pdf, id=1448, 359.3425pt x 212.795pt>
File: DVDestoque_8hpp__incl.pdf Graphic file (type pdf)
<use DVDestoque_8hpp__incl.pdf>
Package pdftex.def Info: DVDestoque_8hpp__incl.pdf  used on input line 13.
(pdftex.def)             Requested size: 350.0pt x 207.27783pt.
 [63] <./DVDestoque_8hpp__dep__incl.pdf>
<DVDestoque_8hpp__dep__incl.pdf, id=1473, 728.7225pt x 212.795pt>
File: DVDestoque_8hpp__dep__incl.pdf Graphic file (type pdf)
<use DVDestoque_8hpp__dep__incl.pdf>
Package pdftex.def Info: DVDestoque_8hpp__dep__incl.pdf  used on input line 20.

(pdftex.def)             Requested size: 350.0pt x 102.20212pt.
) (DVDlancamento_8cpp.tex <./DVDlancamento_8cpp__incl.pdf

pdfTeX warning: miktex-pdftex.exe (file ./DVDlancamento_8cpp__incl.pdf): PDF in
clusion: multiple pdfs with page group included in a single page
>
<DVDlancamento_8cpp__incl.pdf, id=1482, 359.3425pt x 269.005pt>
File: DVDlancamento_8cpp__incl.pdf Graphic file (type pdf)
<use DVDlancamento_8cpp__incl.pdf>
Package pdftex.def Info: DVDlancamento_8cpp__incl.pdf  used on input line 8.
(pdftex.def)             Requested size: 350.0pt x 262.03047pt.
) (DVDlancamento_8hpp.tex [64] <./DVDlancamento_8hpp__incl.pdf>
<DVDlancamento_8hpp__incl.pdf, id=1507, 359.3425pt x 212.795pt>
File: DVDlancamento_8hpp__incl.pdf Graphic file (type pdf)
<use DVDlancamento_8hpp__incl.pdf>
Package pdftex.def Info: DVDlancamento_8hpp__incl.pdf  used on input line 13.
(pdftex.def)             Requested size: 350.0pt x 207.27783pt.
 <./DVDlancamento_8hpp__dep__incl.pdf

pdfTeX warning: miktex-pdftex.exe (file ./DVDlancamento_8hpp__dep__incl.pdf): P
DF inclusion: multiple pdfs with page group included in a single page
>
<DVDlancamento_8hpp__dep__incl.pdf, id=1522, 544.0325pt x 212.795pt>
File: DVDlancamento_8hpp__dep__incl.pdf Graphic file (type pdf)
<use DVDlancamento_8hpp__dep__incl.pdf>
Package pdftex.def Info: DVDlancamento_8hpp__dep__incl.pdf  used on input line 
20.
(pdftex.def)             Requested size: 350.0pt x 136.9059pt.
 [65]) (DVDpromocao_8cpp.tex <./DVDpromocao_8cpp__incl.pdf>
<DVDpromocao_8cpp__incl.pdf, id=1541, 359.3425pt x 269.005pt>
File: DVDpromocao_8cpp__incl.pdf Graphic file (type pdf)
<use DVDpromocao_8cpp__incl.pdf>
Package pdftex.def Info: DVDpromocao_8cpp__incl.pdf  used on input line 8.
(pdftex.def)             Requested size: 350.0pt x 262.03047pt.
)
(DVDpromocao_8hpp.tex [66] <./DVDpromocao_8hpp__incl.pdf>
<DVDpromocao_8hpp__incl.pdf, id=1566, 359.3425pt x 212.795pt>
File: DVDpromocao_8hpp__incl.pdf Graphic file (type pdf)
<use DVDpromocao_8hpp__incl.pdf>
Package pdftex.def Info: DVDpromocao_8hpp__incl.pdf  used on input line 13.
(pdftex.def)             Requested size: 350.0pt x 207.27783pt.
 <./DVDpromocao_8hpp__dep__incl.pdf

pdfTeX warning: miktex-pdftex.exe (file ./DVDpromocao_8hpp__dep__incl.pdf): PDF
 inclusion: multiple pdfs with page group included in a single page
>
<DVDpromocao_8hpp__dep__incl.pdf, id=1581, 534.99875pt x 212.795pt>
File: DVDpromocao_8hpp__dep__incl.pdf Graphic file (type pdf)
<use DVDpromocao_8hpp__dep__incl.pdf>
Package pdftex.def Info: DVDpromocao_8hpp__dep__incl.pdf  used on input line 20
.
(pdftex.def)             Requested size: 350.0pt x 139.21776pt.
) (fita_8cpp.tex <./fita_8cpp__incl.pdf

pdfTeX warning: miktex-pdftex.exe (file ./fita_8cpp__incl.pdf): PDF inclusion: 
multiple pdfs with page group included in a single page
>
<fita_8cpp__incl.pdf, id=1590, 382.42876pt x 269.005pt>
File: fita_8cpp__incl.pdf Graphic file (type pdf)
<use fita_8cpp__incl.pdf>
Package pdftex.def Info: fita_8cpp__incl.pdf  used on input line 8.
(pdftex.def)             Requested size: 350.0pt x 246.20692pt.
 [67]

Package longtable Warning: Column widths have changed
(longtable)                in table 6.1 on input line 33.

[68]
Underfull \hbox (badness 10000) detected at line 34
[][][]
 []

) (fita_8hpp.tex <./fita_8hpp__incl.pdf>
<fita_8hpp__incl.pdf, id=1629, 382.42876pt x 212.795pt>
File: fita_8hpp__incl.pdf Graphic file (type pdf)
<use fita_8hpp__incl.pdf>
Package pdftex.def Info: fita_8hpp__incl.pdf  used on input line 15.
(pdftex.def)             Requested size: 350.0pt x 194.7607pt.
 <./fita_8hpp__dep__incl.pdf

pdfTeX warning: miktex-pdftex.exe (file ./fita_8hpp__dep__incl.pdf): PDF inclus
ion: multiple pdfs with page group included in a single page
>
<fita_8hpp__dep__incl.pdf, id=1644, 479.7925pt x 212.795pt>
File: fita_8hpp__dep__incl.pdf Graphic file (type pdf)
<use fita_8hpp__dep__incl.pdf>
Package pdftex.def Info: fita_8hpp__dep__incl.pdf  used on input line 22.
(pdftex.def)             Requested size: 350.0pt x 155.23189pt.
) (locadora_8cpp.tex [69] <./locadora_8cpp__incl.pdf>
<locadora_8cpp__incl.pdf, id=1669, 1005.7575pt x 336.25626pt>
File: locadora_8cpp__incl.pdf Graphic file (type pdf)
<use locadora_8cpp__incl.pdf>
Package pdftex.def Info: locadora_8cpp__incl.pdf  used on input line 9.
(pdftex.def)             Requested size: 350.0pt x 117.01418pt.
) (locadora_8hpp.tex <./locadora_8hpp__incl.pdf

pdfTeX warning: miktex-pdftex.exe (file ./locadora_8hpp__incl.pdf): PDF inclusi
on: multiple pdfs with page group included in a single page
>
<locadora_8hpp__incl.pdf, id=1684, 837.1275pt x 280.04625pt>
File: locadora_8hpp__incl.pdf Graphic file (type pdf)
<use locadora_8hpp__incl.pdf>
Package pdftex.def Info: locadora_8hpp__incl.pdf  used on input line 20.
(pdftex.def)             Requested size: 350.0pt x 117.08447pt.
 <./locadora_8hpp__dep__incl.pdf

pdfTeX warning: miktex-pdftex.exe (file ./locadora_8hpp__dep__incl.pdf): PDF in
clusion: multiple pdfs with page group included in a single page
>
<locadora_8hpp__dep__incl.pdf, id=1699, 433.62pt x 156.585pt>
File: locadora_8hpp__dep__incl.pdf Graphic file (type pdf)
<use locadora_8hpp__dep__incl.pdf>
Package pdftex.def Info: locadora_8hpp__dep__incl.pdf  used on input line 27.
(pdftex.def)             Requested size: 350.0pt x 126.3959pt.
 [70]) (main_8cpp.tex <./main_8cpp__incl.pdf>
<main_8cpp__incl.pdf, id=1718, 1317.92375pt x 336.25626pt>
File: main_8cpp__incl.pdf Graphic file (type pdf)
<use main_8cpp__incl.pdf>
Package pdftex.def Info: main_8cpp__incl.pdf  used on input line 16.
(pdftex.def)             Requested size: 350.0pt x 89.29732pt.
 [71]
LaTeX Font Info:    Font shape `T1/pcr/m/it' in size <7> not available
(Font)              Font shape `T1/pcr/m/sl' tried instead on input line 43.
) (README_8md.tex)
(testla_8txt.tex) (TestCliente_8cpp.tex <./TestCliente_8cpp__incl.pdf>
<TestCliente_8cpp__incl.pdf, id=1749, 2394.9475pt x 280.04625pt>
File: TestCliente_8cpp__incl.pdf Graphic file (type pdf)
<use TestCliente_8cpp__incl.pdf>
Package pdftex.def Info: TestCliente_8cpp__incl.pdf  used on input line 11.
(pdftex.def)             Requested size: 350.0pt x 40.92401pt.
 [72]
LaTeX Font Info:    Font shape `T1/phv/b/n' will be
(Font)              scaled to size 7.19995pt on input line 92.

[73] [74] [75]) (TestFilmes_8cpp.tex <./TestFilmes_8cpp__incl.pdf

pdfTeX warning: miktex-pdftex.exe (file ./TestFilmes_8cpp__incl.pdf): PDF inclu
sion: multiple pdfs with page group included in a single page
>
<TestFilmes_8cpp__incl.pdf, id=1915, 669.50125pt x 280.04625pt>
File: TestFilmes_8cpp__incl.pdf Graphic file (type pdf)
<use TestFilmes_8cpp__incl.pdf>
Package pdftex.def Info: TestFilmes_8cpp__incl.pdf  used on input line 13.
(pdftex.def)             Requested size: 350.0pt x 146.40686pt.
 [76] [77]

Package longtable Warning: Column widths have changed
(longtable)                in table 6.2 on input line 84.

[78]) (TestLocadora_8cpp.tex <./TestLocadora_8cpp__incl.pdf

pdfTeX warning: miktex-pdftex.exe (file ./TestLocadora_8cpp__incl.pdf): PDF inc
lusion: multiple pdfs with page group included in a single page
>
<TestLocadora_8cpp__incl.pdf, id=2011, 1053.9375pt x 336.25626pt>
File: TestLocadora_8cpp__incl.pdf Graphic file (type pdf)
<use TestLocadora_8cpp__incl.pdf>
Package pdftex.def Info: TestLocadora_8cpp__incl.pdf  used on input line 16.
(pdftex.def)             Requested size: 350.0pt x 111.66783pt.
 [79] [80] [81]) [82] [83] [84

]
No file refman.ind.

Package longtable Warning: Table widths have changed. Rerun LaTeX.

(refman.aux)
 ***********
LaTeX2e <2023-06-01> patch level 1
L3 programming layer <2023-08-29>
 ***********


LaTeX Warning: There were undefined references.


LaTeX Warning: Label(s) may have changed. Rerun to get cross-references right.


Package rerunfilecheck Warning: File `refman.out' has changed.
(rerunfilecheck)                Rerun to get outlines right
(rerunfilecheck)                or use package `bookmark'.

Package rerunfilecheck Info: Checksums for `refman.out':
(rerunfilecheck)             Before: <no file>
(rerunfilecheck)             After:  4AE293795916609910614C7EAF32C12F;56935.
 ) 
Here is how much of TeX's memory you used:
 19130 strings out of 475248
 335226 string characters out of 5757813
 1941785 words of memory out of 5000000
 39542 multiletter control sequences out of 15000+600000
 617987 words of font info for 108 fonts, out of 8000000 for 9000
 1141 hyphenation exceptions out of 8191
 101i,16n,117p,2661b,743s stack positions out of 10000i,1000n,20000p,200000b,200000s
<C:/Users/warle/AppData/Local/Programs/MiKTeX/fonts/type1/public/amsfonts/cm/
cmmi10.pfb><C:/Users/warle/AppData/Local/Programs/MiKTeX/fonts/type1/public/ams
fonts/cm/cmmi7.pfb><C:/Users/warle/AppData/Local/Programs/MiKTeX/fonts/type1/pu
blic/amsfonts/cm/cmmi8.pfb><C:/Users/warle/AppData/Local/Programs/MiKTeX/fonts/
type1/public/amsfonts/cm/cmsy10.pfb><C:/Users/warle/AppData/Local/Programs/MiKT
eX/fonts/type1/public/amsfonts/cm/cmsy7.pfb><C:/Users/warle/AppData/Local/Progr
ams/MiKTeX/fonts/type1/public/amsfonts/cm/cmsy8.pfb><C:/Users/warle/AppData/Loc
al/Programs/MiKTeX/fonts/type1/urw/courier/ucrb8a.pfb><C:/Users/warle/AppData/L
ocal/Programs/MiKTeX/fonts/type1/urw/courier/ucrr8a.pfb><C:/Users/warle/AppData
/Local/Programs/MiKTeX/fonts/type1/urw/courier/ucrro8a.pfb><C:/Users/warle/AppD
ata/Local/Programs/MiKTeX/fonts/type1/urw/helvetic/uhvb8a.pfb><C:/Users/warle/A
ppData/Local/Programs/MiKTeX/fonts/type1/urw/helvetic/uhvb8ac.pfb><C:/Users/war
le/AppData/Local/Programs/MiKTeX/fonts/type1/urw/helvetic/uhvr8a.pfb><C:/Users/
warle/AppData/Local/Programs/MiKTeX/fonts/type1/urw/helvetic/uhvro8a.pfb>
Output written on refman.pdf (86 pages, 984573 bytes).
PDF statistics:
 2321 PDF objects out of 2487 (max. 8388607)
 700 named destinations out of 1000 (max. 500000)
 341 words of extra memory for PDF output out of 10000 (max. 10000000)

